<?xml version="1.0" encoding="UTF-8"?>
<!-- Generated by org.testng.reporters.JUnitReportReporter -->
<testsuite hostname="DESKTOP-V0OJO3P" name="com.test.RegistrationTest" tests="6" failures="0" timestamp="29 Jul 2020 15:00:43 GMT" time="1.370" errors="0">
  <testcase name="checkHeading" time="0.063" classname="com.test.RegistrationTest"/>
  <testcase name="checkIfUserAdded" time="0.686" classname="com.test.RegistrationTest"/>
  <testcase name="checkTextBoxCounting" time="0.027" classname="com.test.RegistrationTest"/>
  <testcase name="checkRegistrationLink" time="0.281" classname="com.test.RegistrationTest"/>
  <testcase name="checkIfMembershipExist" time="0.304" classname="com.test.RegistrationTest"/>
  <testcase name="checkTitle" time="0.009" classname="com.test.RegistrationTest"/>
</testsuite> <!-- com.test.RegistrationTest -->
